2023-05-19 11:46:34.242 [info] Extension host with pid 7914 started
2023-05-19 11:46:34.354 [info] ExtensionService#_doActivateExtension vscode.emmet, startup: false, activationEvent: 'onLanguage'
2023-05-19 11:46:34.356 [info] ExtensionService#_doActivateExtension vscode.php-language-features, startup: false, activationEvent: 'onLanguage:php'
2023-05-19 11:46:35.099 [info] ExtensionService#_doActivateExtension vscode.git-base, startup: true, activationEvent: '*'
2023-05-19 11:46:35.449 [info] ExtensionService#_doActivateExtension vscode.github, startup: true, activationEvent: '*'
2023-05-19 11:46:35.566 [info] Eager extensions activated
2023-05-19 11:46:35.575 [info] ExtensionService#_doActivateExtension vscode.debug-auto-launch, startup: false, activationEvent: 'onStartupFinished'
2023-05-19 11:46:35.576 [info] ExtensionService#_doActivateExtension vscode.merge-conflict, startup: false, activationEvent: 'onStartupFinished'
2023-05-19 11:46:35.776 [info] ExtensionService#_doActivateExtension vscode.github-authentication, startup: false, activationEvent: 'onAuthenticationRequest:github'
2023-05-19 11:46:35.970 [info] ExtensionService#_doActivateExtension vscode.microsoft-authentication, startup: false, activationEvent: 'onAuthenticationRequest:microsoft'
2023-05-19 11:46:48.917 [error] [vscode.emmet] provider FAILED
2023-05-19 11:46:48.923 [error] Error: Unable to find matching pair for < at char 11154
	at r.error (/usr/share/code/resources/app/extensions/emmet/dist/node/emmetNodeMain.js:1:22607)
	at f (/usr/share/code/resources/app/extensions/emmet/dist/node/emmetNodeMain.js:1:21837)
	at u (/usr/share/code/resources/app/extensions/emmet/dist/node/emmetNodeMain.js:1:14498)
	at l (/usr/share/code/resources/app/extensions/emmet/dist/node/emmetNodeMain.js:1:14611)
	at /usr/share/code/resources/app/extensions/emmet/dist/node/emmetNodeMain.js:1:15226
	at m (/usr/share/code/resources/app/extensions/emmet/dist/node/emmetNodeMain.js:1:15333)
	at E (/usr/share/code/resources/app/extensions/emmet/dist/node/emmetNodeMain.js:1:16251)
	at I (/usr/share/code/resources/app/extensions/emmet/dist/node/emmetNodeMain.js:1:16661)
	at t.getRootNode (/usr/share/code/resources/app/extensions/emmet/dist/node/emmetNodeMain.js:1:210303)
	at t.DefaultCompletionItemProvider.b (/usr/share/code/resources/app/extensions/emmet/dist/node/emmetNodeMain.js:1:195403)
	at t.DefaultCompletionItemProvider.provideCompletionItems (/usr/share/code/resources/app/extensions/emmet/dist/node/emmetNodeMain.js:1:194341)
	at _.provideCompletionItems (/usr/share/code/resources/app/out/vs/workbench/api/node/extensionHostProcess.js:100:51686)
	at /usr/share/code/resources/app/out/vs/workbench/api/node/extensionHostProcess.js:100:71536
	at ce.s (/usr/share/code/resources/app/out/vs/workbench/api/node/extensionHostProcess.js:100:63614)
	at ce.$provideCompletionItems (/usr/share/code/resources/app/out/vs/workbench/api/node/extensionHostProcess.js:100:71523)
	at c.N (/usr/share/code/resources/app/out/vs/workbench/api/node/extensionHostProcess.js:108:11655)
	at c.M (/usr/share/code/resources/app/out/vs/workbench/api/node/extensionHostProcess.js:108:11373)
	at c.H (/usr/share/code/resources/app/out/vs/workbench/api/node/extensionHostProcess.js:108:10415)
	at c.G (/usr/share/code/resources/app/out/vs/workbench/api/node/extensionHostProcess.js:108:9432)
	at /usr/share/code/resources/app/out/vs/workbench/api/node/extensionHostProcess.js:108:8220
	at E.invoke (/usr/share/code/resources/app/out/vs/workbench/api/node/extensionHostProcess.js:63:145)
	at h.deliver (/usr/share/code/resources/app/out/vs/workbench/api/node/extensionHostProcess.js:63:2121)
	at n.fire (/usr/share/code/resources/app/out/vs/workbench/api/node/extensionHostProcess.js:63:1729)
	at p.fire (/usr/share/code/resources/app/out/vs/workbench/api/node/extensionHostProcess.js:72:14916)
	at /usr/share/code/resources/app/out/vs/workbench/api/node/extensionHostProcess.js:124:16654
	at E.invoke (/usr/share/code/resources/app/out/vs/workbench/api/node/extensionHostProcess.js:63:145)
	at h.deliver (/usr/share/code/resources/app/out/vs/workbench/api/node/extensionHostProcess.js:63:2121)
	at n.fire (/usr/share/code/resources/app/out/vs/workbench/api/node/extensionHostProcess.js:63:1729)
	at p.fire (/usr/share/code/resources/app/out/vs/workbench/api/node/extensionHostProcess.js:72:14916)
	at MessagePortMain.<anonymous> (/usr/share/code/resources/app/out/vs/workbench/api/node/extensionHostProcess.js:124:14780)
	at MessagePortMain.emit (node:events:526:28)
	at MessagePortMain._internalPort.emit (node:electron/js2c/utility_init:5:364)
2023-05-19 11:46:50.533 [error] [vscode.emmet] provider FAILED
2023-05-19 11:46:50.533 [error] Error: Unable to find matching pair for < at char 11154
	at r.error (/usr/share/code/resources/app/extensions/emmet/dist/node/emmetNodeMain.js:1:22607)
	at f (/usr/share/code/resources/app/extensions/emmet/dist/node/emmetNodeMain.js:1:21837)
	at u (/usr/share/code/resources/app/extensions/emmet/dist/node/emmetNodeMain.js:1:14498)
	at l (/usr/share/code/resources/app/extensions/emmet/dist/node/emmetNodeMain.js:1:14611)
	at /usr/share/code/resources/app/extensions/emmet/dist/node/emmetNodeMain.js:1:15226
	at m (/usr/share/code/resources/app/extensions/emmet/dist/node/emmetNodeMain.js:1:15333)
	at E (/usr/share/code/resources/app/extensions/emmet/dist/node/emmetNodeMain.js:1:16251)
	at I (/usr/share/code/resources/app/extensions/emmet/dist/node/emmetNodeMain.js:1:16661)
	at t.getRootNode (/usr/share/code/resources/app/extensions/emmet/dist/node/emmetNodeMain.js:1:210303)
	at t.DefaultCompletionItemProvider.b (/usr/share/code/resources/app/extensions/emmet/dist/node/emmetNodeMain.js:1:195403)
	at t.DefaultCompletionItemProvider.provideCompletionItems (/usr/share/code/resources/app/extensions/emmet/dist/node/emmetNodeMain.js:1:194341)
	at _.provideCompletionItems (/usr/share/code/resources/app/out/vs/workbench/api/node/extensionHostProcess.js:100:51686)
	at /usr/share/code/resources/app/out/vs/workbench/api/node/extensionHostProcess.js:100:71536
	at ce.s (/usr/share/code/resources/app/out/vs/workbench/api/node/extensionHostProcess.js:100:63614)
	at ce.$provideCompletionItems (/usr/share/code/resources/app/out/vs/workbench/api/node/extensionHostProcess.js:100:71523)
	at c.N (/usr/share/code/resources/app/out/vs/workbench/api/node/extensionHostProcess.js:108:11655)
	at c.M (/usr/share/code/resources/app/out/vs/workbench/api/node/extensionHostProcess.js:108:11373)
	at c.H (/usr/share/code/resources/app/out/vs/workbench/api/node/extensionHostProcess.js:108:10415)
	at c.G (/usr/share/code/resources/app/out/vs/workbench/api/node/extensionHostProcess.js:108:9432)
	at /usr/share/code/resources/app/out/vs/workbench/api/node/extensionHostProcess.js:108:8220
	at E.invoke (/usr/share/code/resources/app/out/vs/workbench/api/node/extensionHostProcess.js:63:145)
	at h.deliver (/usr/share/code/resources/app/out/vs/workbench/api/node/extensionHostProcess.js:63:2121)
	at n.fire (/usr/share/code/resources/app/out/vs/workbench/api/node/extensionHostProcess.js:63:1729)
	at p.fire (/usr/share/code/resources/app/out/vs/workbench/api/node/extensionHostProcess.js:72:14916)
	at /usr/share/code/resources/app/out/vs/workbench/api/node/extensionHostProcess.js:124:16654
	at E.invoke (/usr/share/code/resources/app/out/vs/workbench/api/node/extensionHostProcess.js:63:145)
	at h.deliver (/usr/share/code/resources/app/out/vs/workbench/api/node/extensionHostProcess.js:63:2121)
	at n.fire (/usr/share/code/resources/app/out/vs/workbench/api/node/extensionHostProcess.js:63:1729)
	at p.fire (/usr/share/code/resources/app/out/vs/workbench/api/node/extensionHostProcess.js:72:14916)
	at MessagePortMain.<anonymous> (/usr/share/code/resources/app/out/vs/workbench/api/node/extensionHostProcess.js:124:14780)
	at MessagePortMain.emit (node:events:526:28)
	at MessagePortMain._internalPort.emit (node:electron/js2c/utility_init:5:364)
2023-05-19 11:46:52.295 [error] [vscode.emmet] provider FAILED
2023-05-19 11:46:52.295 [error] Error: Unable to find matching pair for < at char 11154
	at r.error (/usr/share/code/resources/app/extensions/emmet/dist/node/emmetNodeMain.js:1:22607)
	at f (/usr/share/code/resources/app/extensions/emmet/dist/node/emmetNodeMain.js:1:21837)
	at u (/usr/share/code/resources/app/extensions/emmet/dist/node/emmetNodeMain.js:1:14498)
	at l (/usr/share/code/resources/app/extensions/emmet/dist/node/emmetNodeMain.js:1:14611)
	at /usr/share/code/resources/app/extensions/emmet/dist/node/emmetNodeMain.js:1:15226
	at m (/usr/share/code/resources/app/extensions/emmet/dist/node/emmetNodeMain.js:1:15333)
	at E (/usr/share/code/resources/app/extensions/emmet/dist/node/emmetNodeMain.js:1:16251)
	at I (/usr/share/code/resources/app/extensions/emmet/dist/node/emmetNodeMain.js:1:16661)
	at t.getRootNode (/usr/share/code/resources/app/extensions/emmet/dist/node/emmetNodeMain.js:1:210303)
	at t.DefaultCompletionItemProvider.b (/usr/share/code/resources/app/extensions/emmet/dist/node/emmetNodeMain.js:1:195403)
	at t.DefaultCompletionItemProvider.provideCompletionItems (/usr/share/code/resources/app/extensions/emmet/dist/node/emmetNodeMain.js:1:194341)
	at _.provideCompletionItems (/usr/share/code/resources/app/out/vs/workbench/api/node/extensionHostProcess.js:100:51686)
	at /usr/share/code/resources/app/out/vs/workbench/api/node/extensionHostProcess.js:100:71536
	at ce.s (/usr/share/code/resources/app/out/vs/workbench/api/node/extensionHostProcess.js:100:63614)
	at ce.$provideCompletionItems (/usr/share/code/resources/app/out/vs/workbench/api/node/extensionHostProcess.js:100:71523)
	at c.N (/usr/share/code/resources/app/out/vs/workbench/api/node/extensionHostProcess.js:108:11655)
	at c.M (/usr/share/code/resources/app/out/vs/workbench/api/node/extensionHostProcess.js:108:11373)
	at c.H (/usr/share/code/resources/app/out/vs/workbench/api/node/extensionHostProcess.js:108:10415)
	at c.G (/usr/share/code/resources/app/out/vs/workbench/api/node/extensionHostProcess.js:108:9432)
	at /usr/share/code/resources/app/out/vs/workbench/api/node/extensionHostProcess.js:108:8220
	at E.invoke (/usr/share/code/resources/app/out/vs/workbench/api/node/extensionHostProcess.js:63:145)
	at h.deliver (/usr/share/code/resources/app/out/vs/workbench/api/node/extensionHostProcess.js:63:2121)
	at n.fire (/usr/share/code/resources/app/out/vs/workbench/api/node/extensionHostProcess.js:63:1729)
	at p.fire (/usr/share/code/resources/app/out/vs/workbench/api/node/extensionHostProcess.js:72:14916)
	at /usr/share/code/resources/app/out/vs/workbench/api/node/extensionHostProcess.js:124:16654
	at E.invoke (/usr/share/code/resources/app/out/vs/workbench/api/node/extensionHostProcess.js:63:145)
	at h.deliver (/usr/share/code/resources/app/out/vs/workbench/api/node/extensionHostProcess.js:63:2121)
	at n.fire (/usr/share/code/resources/app/out/vs/workbench/api/node/extensionHostProcess.js:63:1729)
	at p.fire (/usr/share/code/resources/app/out/vs/workbench/api/node/extensionHostProcess.js:72:14916)
	at MessagePortMain.<anonymous> (/usr/share/code/resources/app/out/vs/workbench/api/node/extensionHostProcess.js:124:14780)
	at MessagePortMain.emit (node:events:526:28)
	at MessagePortMain._internalPort.emit (node:electron/js2c/utility_init:5:364)
2023-05-19 12:02:46.720 [error] [vscode.emmet] provider FAILED
2023-05-19 12:02:46.720 [error] Error: Unable to find matching pair for < at char 11154
	at r.error (/usr/share/code/resources/app/extensions/emmet/dist/node/emmetNodeMain.js:1:22607)
	at f (/usr/share/code/resources/app/extensions/emmet/dist/node/emmetNodeMain.js:1:21837)
	at u (/usr/share/code/resources/app/extensions/emmet/dist/node/emmetNodeMain.js:1:14498)
	at l (/usr/share/code/resources/app/extensions/emmet/dist/node/emmetNodeMain.js:1:14611)
	at /usr/share/code/resources/app/extensions/emmet/dist/node/emmetNodeMain.js:1:15226
	at m (/usr/share/code/resources/app/extensions/emmet/dist/node/emmetNodeMain.js:1:15333)
	at E (/usr/share/code/resources/app/extensions/emmet/dist/node/emmetNodeMain.js:1:16251)
	at I (/usr/share/code/resources/app/extensions/emmet/dist/node/emmetNodeMain.js:1:16661)
	at t.getRootNode (/usr/share/code/resources/app/extensions/emmet/dist/node/emmetNodeMain.js:1:210303)
	at t.DefaultCompletionItemProvider.b (/usr/share/code/resources/app/extensions/emmet/dist/node/emmetNodeMain.js:1:195403)
	at t.DefaultCompletionItemProvider.provideCompletionItems (/usr/share/code/resources/app/extensions/emmet/dist/node/emmetNodeMain.js:1:194341)
	at _.provideCompletionItems (/usr/share/code/resources/app/out/vs/workbench/api/node/extensionHostProcess.js:100:51686)
	at /usr/share/code/resources/app/out/vs/workbench/api/node/extensionHostProcess.js:100:71536
	at ce.s (/usr/share/code/resources/app/out/vs/workbench/api/node/extensionHostProcess.js:100:63614)
	at ce.$provideCompletionItems (/usr/share/code/resources/app/out/vs/workbench/api/node/extensionHostProcess.js:100:71523)
	at c.N (/usr/share/code/resources/app/out/vs/workbench/api/node/extensionHostProcess.js:108:11655)
	at c.M (/usr/share/code/resources/app/out/vs/workbench/api/node/extensionHostProcess.js:108:11373)
	at c.H (/usr/share/code/resources/app/out/vs/workbench/api/node/extensionHostProcess.js:108:10415)
	at c.G (/usr/share/code/resources/app/out/vs/workbench/api/node/extensionHostProcess.js:108:9432)
	at /usr/share/code/resources/app/out/vs/workbench/api/node/extensionHostProcess.js:108:8220
	at E.invoke (/usr/share/code/resources/app/out/vs/workbench/api/node/extensionHostProcess.js:63:145)
	at h.deliver (/usr/share/code/resources/app/out/vs/workbench/api/node/extensionHostProcess.js:63:2121)
	at n.fire (/usr/share/code/resources/app/out/vs/workbench/api/node/extensionHostProcess.js:63:1729)
	at p.fire (/usr/share/code/resources/app/out/vs/workbench/api/node/extensionHostProcess.js:72:14916)
	at /usr/share/code/resources/app/out/vs/workbench/api/node/extensionHostProcess.js:124:16654
	at E.invoke (/usr/share/code/resources/app/out/vs/workbench/api/node/extensionHostProcess.js:63:145)
	at h.deliver (/usr/share/code/resources/app/out/vs/workbench/api/node/extensionHostProcess.js:63:2121)
	at n.fire (/usr/share/code/resources/app/out/vs/workbench/api/node/extensionHostProcess.js:63:1729)
	at p.fire (/usr/share/code/resources/app/out/vs/workbench/api/node/extensionHostProcess.js:72:14916)
	at MessagePortMain.<anonymous> (/usr/share/code/resources/app/out/vs/workbench/api/node/extensionHostProcess.js:124:14780)
	at MessagePortMain.emit (node:events:526:28)
	at MessagePortMain._internalPort.emit (node:electron/js2c/utility_init:5:364)
2023-05-19 12:03:06.789 [info] Extension host terminating: renderer closed the MessagePort
2023-05-19 12:03:06.795 [info] Extension host with pid 7914 exiting with code 0
