2023-05-03 08:14:18.144 [info] [SharedProcess] using utility process
2023-05-03 08:14:18.328 [info] update#setState idle
2023-05-03 08:14:20.507 [info] [UtilityProcess type: shared-process, pid: <none>]: creating new...
2023-05-03 08:14:20.522 [info] [UtilityProcess id: 1, type: fileWatcher, pid: <none>]: creating new...
2023-05-03 08:14:20.531 [info] [UtilityProcess type: shared-process, pid: 2327]: successfully created
2023-05-03 08:14:20.539 [info] [UtilityProcess id: 1, type: fileWatcher, pid: 2328]: successfully created
2023-05-03 08:14:20.784 [info] [UtilityProcess id: 1, type: extensionHost, pid: <none>]: creating new...
2023-05-03 08:14:20.826 [info] [UtilityProcess id: 1, type: extensionHost, pid: 2360]: successfully created
2023-05-03 08:14:22.359 [error] update#isLatestVersion(): failed to check for updates
2023-05-03 08:14:22.359 [error] Error: net::ERR_INTERNET_DISCONNECTED
    at SimpleURLLoaderWrapper.<anonymous> (node:electron/js2c/browser_init:105:7047)
    at SimpleURLLoaderWrapper.emit (node:events:526:28)
2023-05-03 08:14:48.330 [info] update#setState checking for updates
2023-05-03 08:14:48.341 [error] Error: net::ERR_INTERNET_DISCONNECTED
    at SimpleURLLoaderWrapper.<anonymous> (node:electron/js2c/browser_init:105:7047)
    at SimpleURLLoaderWrapper.emit (node:events:526:28)
2023-05-03 08:14:48.343 [info] update#setState idle
2023-05-03 08:16:01.075 [error] [storage state.vscdb] prepare(): Error: SQLITE_READONLY_DBMOVED: attempt to write a readonly database (INSERT INTO ItemTable VALUES (?,?)). Details: Keys: workbench.editor.languageDetectionOpenedLanguages.workspace Length: 28
2023-05-03 08:16:01.154 [error] [storage state.vscdb] prepare(): Error: SQLITE_READONLY_DBMOVED: attempt to write a readonly database (INSERT INTO ItemTable VALUES (?,?),(?,?)). Details: Keys: workbench.editor.languageDetectionOpenedLanguages.global, extensionsAssistant/recommendations Length: 167
2023-05-03 08:16:03.002 [error] [storage state.vscdb] prepare(): Error: SQLITE_READONLY_DBMOVED: attempt to write a readonly database (INSERT INTO ItemTable VALUES (?,?),(?,?),(?,?),(?,?)). Details: Keys: memento/workbench.parts.editor, history.entries, workbench.explorer.treeViewState, memento/workbench.editors.files.textFileEditor Length: 1239
2023-05-03 08:34:46.614 [error] [storage state.vscdb] prepare(): Error: SQLITE_READONLY_DBMOVED: attempt to write a readonly database (INSERT INTO ItemTable VALUES (?,?)). Details: Keys: memento/workbench.editors.files.textFileEditor Length: 444
2023-05-03 08:36:15.003 [error] [storage state.vscdb] prepare(): Error: SQLITE_READONLY_DBMOVED: attempt to write a readonly database (INSERT INTO ItemTable VALUES (?,?)). Details: Keys: memento/workbench.editors.files.textFileEditor Length: 444
2023-05-03 08:44:42.067 [error] [storage state.vscdb] prepare(): Error: SQLITE_READONLY_DBMOVED: attempt to write a readonly database (INSERT INTO ItemTable VALUES (?,?)). Details: Keys: memento/workbench.editors.files.textFileEditor Length: 449
2023-05-03 08:45:28.000 [error] [storage state.vscdb] prepare(): Error: SQLITE_READONLY_DBMOVED: attempt to write a readonly database (INSERT INTO ItemTable VALUES (?,?)). Details: Keys: memento/workbench.editors.files.textFileEditor Length: 449
2023-05-03 08:45:36.994 [error] [storage state.vscdb] prepare(): Error: SQLITE_READONLY_DBMOVED: attempt to write a readonly database (INSERT INTO ItemTable VALUES (?,?)). Details: Keys: memento/workbench.editors.files.textFileEditor Length: 449
2023-05-03 08:45:49.957 [error] [storage state.vscdb] prepare(): Error: SQLITE_READONLY_DBMOVED: attempt to write a readonly database (INSERT INTO ItemTable VALUES (?,?)). Details: Keys: workbench.editor.languageDetectionOpenedLanguages.global Length: 42
2023-05-03 08:45:49.957 [error] [storage state.vscdb] prepare(): Error: SQLITE_READONLY_DBMOVED: attempt to write a readonly database (INSERT INTO ItemTable VALUES (?,?)). Details: Keys: workbench.editor.languageDetectionOpenedLanguages.workspace Length: 42
2023-05-03 08:45:50.653 [error] [storage state.vscdb] prepare(): Error: SQLITE_READONLY_DBMOVED: attempt to write a readonly database (INSERT INTO ItemTable VALUES (?,?)). Details: Keys: workbench.editor.languageDetectionOpenedLanguages.workspace Length: 55
2023-05-03 08:45:50.710 [error] [storage state.vscdb] prepare(): Error: SQLITE_READONLY_DBMOVED: attempt to write a readonly database (INSERT INTO ItemTable VALUES (?,?),(?,?)). Details: Keys: workbench.editor.languageDetectionOpenedLanguages.global, extensionsAssistant/recommendations Length: 194
2023-05-03 08:45:52.201 [error] [storage state.vscdb] prepare(): Error: SQLITE_READONLY_DBMOVED: attempt to write a readonly database (INSERT INTO ItemTable VALUES (?,?)). Details: Keys: workbench.editor.languageDetectionOpenedLanguages.global Length: 55
2023-05-03 08:45:52.202 [error] [storage state.vscdb] prepare(): Error: SQLITE_READONLY_DBMOVED: attempt to write a readonly database (INSERT INTO ItemTable VALUES (?,?)). Details: Keys: workbench.editor.languageDetectionOpenedLanguages.workspace Length: 55
2023-05-03 08:45:54.654 [error] [storage state.vscdb] prepare(): Error: SQLITE_READONLY_DBMOVED: attempt to write a readonly database (INSERT INTO ItemTable VALUES (?,?)). Details: Keys: workbench.editor.languageDetectionOpenedLanguages.global Length: 55
2023-05-03 08:45:54.654 [error] [storage state.vscdb] prepare(): Error: SQLITE_READONLY_DBMOVED: attempt to write a readonly database (INSERT INTO ItemTable VALUES (?,?)). Details: Keys: workbench.editor.languageDetectionOpenedLanguages.workspace Length: 55
2023-05-03 08:46:02.646 [error] [storage state.vscdb] prepare(): Error: SQLITE_READONLY_DBMOVED: attempt to write a readonly database (INSERT INTO ItemTable VALUES (?,?)). Details: Keys: workbench.editor.languageDetectionOpenedLanguages.global Length: 55
2023-05-03 08:46:02.646 [error] [storage state.vscdb] prepare(): Error: SQLITE_READONLY_DBMOVED: attempt to write a readonly database (INSERT INTO ItemTable VALUES (?,?)). Details: Keys: workbench.editor.languageDetectionOpenedLanguages.workspace Length: 55
2023-05-03 08:46:08.195 [error] [storage state.vscdb] prepare(): Error: SQLITE_READONLY_DBMOVED: attempt to write a readonly database (INSERT INTO ItemTable VALUES (?,?)). Details: Keys: workbench.editor.languageDetectionOpenedLanguages.global Length: 55
2023-05-03 08:46:08.196 [error] [storage state.vscdb] prepare(): Error: SQLITE_READONLY_DBMOVED: attempt to write a readonly database (INSERT INTO ItemTable VALUES (?,?)). Details: Keys: workbench.editor.languageDetectionOpenedLanguages.workspace Length: 55
2023-05-03 08:46:19.055 [error] [storage state.vscdb] prepare(): Error: SQLITE_READONLY_DBMOVED: attempt to write a readonly database (INSERT INTO ItemTable VALUES (?,?)). Details: Keys: workbench.editor.languageDetectionOpenedLanguages.global Length: 55
2023-05-03 08:46:19.055 [error] [storage state.vscdb] prepare(): Error: SQLITE_READONLY_DBMOVED: attempt to write a readonly database (INSERT INTO ItemTable VALUES (?,?)). Details: Keys: workbench.editor.languageDetectionOpenedLanguages.workspace Length: 55
2023-05-03 08:46:22.994 [error] [storage state.vscdb] prepare(): Error: SQLITE_READONLY_DBMOVED: attempt to write a readonly database (INSERT INTO ItemTable VALUES (?,?)). Details: Keys: workbench.editor.languageDetectionOpenedLanguages.global Length: 55
2023-05-03 08:46:22.995 [error] [storage state.vscdb] prepare(): Error: SQLITE_READONLY_DBMOVED: attempt to write a readonly database (INSERT INTO ItemTable VALUES (?,?)). Details: Keys: workbench.editor.languageDetectionOpenedLanguages.workspace Length: 55
2023-05-03 08:46:32.712 [error] [storage state.vscdb] prepare(): Error: SQLITE_READONLY_DBMOVED: attempt to write a readonly database (INSERT INTO ItemTable VALUES (?,?)). Details: Keys: workbench.editor.languageDetectionOpenedLanguages.global Length: 55
2023-05-03 08:46:32.713 [error] [storage state.vscdb] prepare(): Error: SQLITE_READONLY_DBMOVED: attempt to write a readonly database (INSERT INTO ItemTable VALUES (?,?)). Details: Keys: workbench.editor.languageDetectionOpenedLanguages.workspace Length: 55
2023-05-03 08:46:40.206 [error] [storage state.vscdb] prepare(): Error: SQLITE_READONLY_DBMOVED: attempt to write a readonly database (INSERT INTO ItemTable VALUES (?,?)). Details: Keys: workbench.editor.languageDetectionOpenedLanguages.global Length: 55
2023-05-03 08:46:40.206 [error] [storage state.vscdb] prepare(): Error: SQLITE_READONLY_DBMOVED: attempt to write a readonly database (INSERT INTO ItemTable VALUES (?,?)). Details: Keys: workbench.editor.languageDetectionOpenedLanguages.workspace Length: 55
2023-05-03 08:46:42.081 [error] [storage state.vscdb] prepare(): Error: SQLITE_READONLY_DBMOVED: attempt to write a readonly database (INSERT INTO ItemTable VALUES (?,?),(?,?),(?,?),(?,?),(?,?)). Details: Keys: memento/workbench.parts.editor, editors.mru, history.entries, workbench.explorer.treeViewState, memento/workbench.editors.files.textFileEditor Length: 3005
2023-05-03 08:46:56.385 [error] [storage state.vscdb] prepare(): Error: SQLITE_READONLY_DBMOVED: attempt to write a readonly database (INSERT INTO ItemTable VALUES (?,?)). Details: Keys: workbench.editor.languageDetectionOpenedLanguages.global Length: 55
2023-05-03 08:46:56.385 [error] [storage state.vscdb] prepare(): Error: SQLITE_READONLY_DBMOVED: attempt to write a readonly database (INSERT INTO ItemTable VALUES (?,?)). Details: Keys: workbench.editor.languageDetectionOpenedLanguages.workspace Length: 55
2023-05-03 08:47:02.133 [error] [storage state.vscdb] prepare(): Error: SQLITE_READONLY_DBMOVED: attempt to write a readonly database (INSERT INTO ItemTable VALUES (?,?)). Details: Keys: workbench.editor.languageDetectionOpenedLanguages.global Length: 55
2023-05-03 08:47:02.134 [error] [storage state.vscdb] prepare(): Error: SQLITE_READONLY_DBMOVED: attempt to write a readonly database (INSERT INTO ItemTable VALUES (?,?)). Details: Keys: workbench.editor.languageDetectionOpenedLanguages.workspace Length: 55
2023-05-03 08:47:16.666 [error] [storage state.vscdb] prepare(): Error: SQLITE_READONLY_DBMOVED: attempt to write a readonly database (INSERT INTO ItemTable VALUES (?,?)). Details: Keys: workbench.editor.languageDetectionOpenedLanguages.global Length: 55
2023-05-03 08:47:16.667 [error] [storage state.vscdb] prepare(): Error: SQLITE_READONLY_DBMOVED: attempt to write a readonly database (INSERT INTO ItemTable VALUES (?,?)). Details: Keys: workbench.editor.languageDetectionOpenedLanguages.workspace Length: 55
2023-05-03 08:47:26.160 [error] [storage state.vscdb] prepare(): Error: SQLITE_READONLY_DBMOVED: attempt to write a readonly database (INSERT INTO ItemTable VALUES (?,?)). Details: Keys: workbench.editor.languageDetectionOpenedLanguages.global Length: 55
2023-05-03 08:47:26.160 [error] [storage state.vscdb] prepare(): Error: SQLITE_READONLY_DBMOVED: attempt to write a readonly database (INSERT INTO ItemTable VALUES (?,?)). Details: Keys: workbench.editor.languageDetectionOpenedLanguages.workspace Length: 55
2023-05-03 08:47:30.000 [error] [storage state.vscdb] prepare(): Error: SQLITE_READONLY_DBMOVED: attempt to write a readonly database (INSERT INTO ItemTable VALUES (?,?),(?,?)). Details: Keys: __$__targetStorageMarker, workbench.sidebar.activeviewletid Length: 833
2023-05-03 08:47:42.156 [error] [storage state.vscdb] prepare(): Error: SQLITE_READONLY_DBMOVED: attempt to write a readonly database (INSERT INTO ItemTable VALUES (?,?),(?,?),(?,?),(?,?),(?,?)). Details: Keys: memento/workbench.editors.files.textFileEditor, __$__targetStorageMarker, workbench.search.history, memento/workbench.view.search, workbench.view.search.numberOfVisibleViews Length: 2861
2023-05-03 08:48:24.352 [error] [storage state.vscdb] prepare(): Error: SQLITE_READONLY_DBMOVED: attempt to write a readonly database (INSERT INTO ItemTable VALUES (?,?)). Details: Keys: workbench.editor.languageDetectionOpenedLanguages.global Length: 55
2023-05-03 08:48:24.355 [error] [storage state.vscdb] prepare(): Error: SQLITE_READONLY_DBMOVED: attempt to write a readonly database (INSERT INTO ItemTable VALUES (?,?)). Details: Keys: workbench.editor.languageDetectionOpenedLanguages.workspace Length: 55
2023-05-03 08:48:27.985 [error] [storage state.vscdb] prepare(): Error: SQLITE_READONLY_DBMOVED: attempt to write a readonly database (INSERT INTO ItemTable VALUES (?,?)). Details: Keys: workbench.editor.languageDetectionOpenedLanguages.workspace Length: 55
2023-05-03 08:48:27.985 [error] [storage state.vscdb] prepare(): Error: SQLITE_READONLY_DBMOVED: attempt to write a readonly database (INSERT INTO ItemTable VALUES (?,?)). Details: Keys: workbench.editor.languageDetectionOpenedLanguages.global Length: 55
2023-05-03 08:48:42.216 [error] [storage state.vscdb] prepare(): Error: SQLITE_READONLY_DBMOVED: attempt to write a readonly database (INSERT INTO ItemTable VALUES (?,?),(?,?),(?,?)). Details: Keys: memento/workbench.editors.files.textFileEditor, workbench.search.history, memento/workbench.view.search Length: 1969
2023-05-03 08:48:45.551 [error] [storage state.vscdb] prepare(): Error: SQLITE_READONLY_DBMOVED: attempt to write a readonly database (INSERT INTO ItemTable VALUES (?,?)). Details: Keys: workbench.editor.languageDetectionOpenedLanguages.workspace Length: 55
2023-05-03 08:48:45.552 [error] [storage state.vscdb] prepare(): Error: SQLITE_READONLY_DBMOVED: attempt to write a readonly database (INSERT INTO ItemTable VALUES (?,?)). Details: Keys: workbench.editor.languageDetectionOpenedLanguages.global Length: 55
2023-05-03 08:48:49.604 [error] [storage state.vscdb] prepare(): Error: SQLITE_READONLY_DBMOVED: attempt to write a readonly database (INSERT INTO ItemTable VALUES (?,?)). Details: Keys: workbench.editor.languageDetectionOpenedLanguages.global Length: 55
2023-05-03 08:48:49.605 [error] [storage state.vscdb] prepare(): Error: SQLITE_READONLY_DBMOVED: attempt to write a readonly database (INSERT INTO ItemTable VALUES (?,?)). Details: Keys: workbench.editor.languageDetectionOpenedLanguages.workspace Length: 55
2023-05-03 08:49:13.729 [error] [storage state.vscdb] prepare(): Error: SQLITE_READONLY_DBMOVED: attempt to write a readonly database (INSERT INTO ItemTable VALUES (?,?)). Details: Keys: memento/workbench.editors.files.textFileEditor Length: 1478
2023-05-03 08:49:30.654 [error] [storage state.vscdb] prepare(): Error: SQLITE_READONLY_DBMOVED: attempt to write a readonly database (INSERT INTO ItemTable VALUES (?,?)). Details: Keys: memento/workbench.editors.files.textFileEditor Length: 1478
2023-05-03 08:49:42.222 [error] [storage state.vscdb] prepare(): Error: SQLITE_READONLY_DBMOVED: attempt to write a readonly database (INSERT INTO ItemTable VALUES (?,?)). Details: Keys: memento/workbench.editors.files.textFileEditor Length: 1478
2023-05-03 08:49:47.546 [error] [storage state.vscdb] prepare(): Error: SQLITE_READONLY_DBMOVED: attempt to write a readonly database (INSERT INTO ItemTable VALUES (?,?)). Details: Keys: memento/workbench.editors.files.textFileEditor Length: 1478
2023-05-03 08:50:42.228 [error] [storage state.vscdb] prepare(): Error: SQLITE_READONLY_DBMOVED: attempt to write a readonly database (INSERT INTO ItemTable VALUES (?,?)). Details: Keys: memento/workbench.editors.files.textFileEditor Length: 1476
2023-05-03 08:51:11.598 [error] [storage state.vscdb] prepare(): Error: SQLITE_READONLY_DBMOVED: attempt to write a readonly database (INSERT INTO ItemTable VALUES (?,?)). Details: Keys: memento/workbench.editors.files.textFileEditor Length: 1477
2023-05-03 08:51:28.230 [error] [storage state.vscdb] prepare(): Error: SQLITE_READONLY_DBMOVED: attempt to write a readonly database (INSERT INTO ItemTable VALUES (?,?)). Details: Keys: memento/workbench.editors.files.textFileEditor Length: 1477
2023-05-03 08:51:42.230 [error] [storage state.vscdb] prepare(): Error: SQLITE_READONLY_DBMOVED: attempt to write a readonly database (INSERT INTO ItemTable VALUES (?,?)). Details: Keys: memento/workbench.editors.files.textFileEditor Length: 1475
2023-05-03 08:52:10.020 [error] [storage state.vscdb] prepare(): Error: SQLITE_READONLY_DBMOVED: attempt to write a readonly database (INSERT INTO ItemTable VALUES (?,?)). Details: Keys: workbench.editor.languageDetectionOpenedLanguages.global Length: 55
2023-05-03 08:52:10.020 [error] [storage state.vscdb] prepare(): Error: SQLITE_READONLY_DBMOVED: attempt to write a readonly database (INSERT INTO ItemTable VALUES (?,?)). Details: Keys: workbench.editor.languageDetectionOpenedLanguages.workspace Length: 55
2023-05-03 08:52:15.548 [error] [storage state.vscdb] prepare(): Error: SQLITE_READONLY_DBMOVED: attempt to write a readonly database (INSERT INTO ItemTable VALUES (?,?)). Details: Keys: workbench.editor.languageDetectionOpenedLanguages.global Length: 55
2023-05-03 08:52:15.548 [error] [storage state.vscdb] prepare(): Error: SQLITE_READONLY_DBMOVED: attempt to write a readonly database (INSERT INTO ItemTable VALUES (?,?)). Details: Keys: workbench.editor.languageDetectionOpenedLanguages.workspace Length: 55
2023-05-03 08:52:17.327 [error] [storage state.vscdb] prepare(): Error: SQLITE_READONLY_DBMOVED: attempt to write a readonly database (INSERT INTO ItemTable VALUES (?,?)). Details: Keys: workbench.editor.languageDetectionOpenedLanguages.global Length: 55
2023-05-03 08:52:17.328 [error] [storage state.vscdb] prepare(): Error: SQLITE_READONLY_DBMOVED: attempt to write a readonly database (INSERT INTO ItemTable VALUES (?,?)). Details: Keys: workbench.editor.languageDetectionOpenedLanguages.workspace Length: 55
2023-05-03 08:52:18.691 [error] [storage state.vscdb] prepare(): Error: SQLITE_READONLY_DBMOVED: attempt to write a readonly database (INSERT INTO ItemTable VALUES (?,?)). Details: Keys: workbench.editor.languageDetectionOpenedLanguages.global Length: 55
2023-05-03 08:52:18.693 [error] [storage state.vscdb] prepare(): Error: SQLITE_READONLY_DBMOVED: attempt to write a readonly database (INSERT INTO ItemTable VALUES (?,?)). Details: Keys: workbench.editor.languageDetectionOpenedLanguages.workspace Length: 55
2023-05-03 08:52:33.003 [error] [storage state.vscdb] prepare(): Error: SQLITE_READONLY_DBMOVED: attempt to write a readonly database (INSERT INTO ItemTable VALUES (?,?)). Details: Keys: memento/workbench.editors.files.textFileEditor Length: 1475
2023-05-03 08:53:17.911 [error] [storage state.vscdb] prepare(): Error: SQLITE_READONLY_DBMOVED: attempt to write a readonly database (INSERT INTO ItemTable VALUES (?,?)). Details: Keys: memento/workbench.editors.files.textFileEditor Length: 1478
2023-05-03 08:53:32.887 [error] [storage state.vscdb] prepare(): Error: SQLITE_READONLY_DBMOVED: attempt to write a readonly database (INSERT INTO ItemTable VALUES (?,?)). Details: Keys: memento/workbench.editors.files.textFileEditor Length: 1476
2023-05-03 08:53:42.238 [error] [storage state.vscdb] prepare(): Error: SQLITE_READONLY_DBMOVED: attempt to write a readonly database (INSERT INTO ItemTable VALUES (?,?)). Details: Keys: memento/workbench.editors.files.textFileEditor Length: 1475
2023-05-03 08:54:07.171 [error] [storage state.vscdb] prepare(): Error: SQLITE_READONLY_DBMOVED: attempt to write a readonly database (INSERT INTO ItemTable VALUES (?,?)). Details: Keys: memento/workbench.editors.files.textFileEditor Length: 1478
2023-05-03 08:54:42.243 [error] [storage state.vscdb] prepare(): Error: SQLITE_READONLY_DBMOVED: attempt to write a readonly database (INSERT INTO ItemTable VALUES (?,?)). Details: Keys: memento/workbench.editors.files.textFileEditor Length: 1475
2023-05-03 08:55:42.247 [error] [storage state.vscdb] prepare(): Error: SQLITE_READONLY_DBMOVED: attempt to write a readonly database (INSERT INTO ItemTable VALUES (?,?)). Details: Keys: memento/workbench.editors.files.textFileEditor Length: 1477
2023-05-03 08:56:03.401 [error] [storage state.vscdb] prepare(): Error: SQLITE_READONLY_DBMOVED: attempt to write a readonly database (INSERT INTO ItemTable VALUES (?,?)). Details: Keys: memento/workbench.editors.files.textFileEditor Length: 1477
2023-05-03 08:56:13.635 [error] [storage state.vscdb] prepare(): Error: SQLITE_READONLY_DBMOVED: attempt to write a readonly database (INSERT INTO ItemTable VALUES (?,?)). Details: Keys: memento/workbench.editors.files.textFileEditor Length: 1477
2023-05-03 08:56:36.398 [error] [storage state.vscdb] prepare(): Error: SQLITE_READONLY_DBMOVED: attempt to write a readonly database (INSERT INTO ItemTable VALUES (?,?)). Details: Keys: memento/workbench.editors.files.textFileEditor Length: 1477
2023-05-03 08:56:50.579 [error] [storage state.vscdb] prepare(): Error: SQLITE_READONLY_DBMOVED: attempt to write a readonly database (INSERT INTO ItemTable VALUES (?,?),(?,?)). Details: Keys: __$__targetStorageMarker, workbench.explorer.views.state Length: 1190
2023-05-03 08:56:50.580 [error] [storage state.vscdb] prepare(): Error: SQLITE_READONLY_DBMOVED: attempt to write a readonly database (INSERT INTO ItemTable VALUES (?,?)). Details: Keys: workbench.explorer.views.state.hidden Length: 213
2023-05-03 08:56:53.604 [error] [storage state.vscdb] prepare(): Error: SQLITE_READONLY_DBMOVED: attempt to write a readonly database (INSERT INTO ItemTable VALUES (?,?)). Details: Keys: workbench.editor.languageDetectionOpenedLanguages.global Length: 55
2023-05-03 08:56:53.606 [error] [storage state.vscdb] prepare(): Error: SQLITE_READONLY_DBMOVED: attempt to write a readonly database (INSERT INTO ItemTable VALUES (?,?)). Details: Keys: workbench.editor.languageDetectionOpenedLanguages.workspace Length: 55
2023-05-03 08:57:25.878 [error] [storage state.vscdb] prepare(): Error: SQLITE_READONLY_DBMOVED: attempt to write a readonly database (INSERT INTO ItemTable VALUES (?,?),(?,?),(?,?),(?,?),(?,?)). Details: Keys: memento/workbench.parts.editor, editors.mru, history.entries, workbench.explorer.treeViewState, memento/workbench.editors.files.textFileEditor Length: 2983
2023-05-03 08:57:40.666 [error] [storage state.vscdb] prepare(): Error: SQLITE_READONLY_DBMOVED: attempt to write a readonly database (INSERT INTO ItemTable VALUES (?,?)). Details: Keys: memento/workbench.editors.files.textFileEditor Length: 1472
2023-05-03 08:58:42.252 [error] [storage state.vscdb] prepare(): Error: SQLITE_READONLY_DBMOVED: attempt to write a readonly database (INSERT INTO ItemTable VALUES (?,?)). Details: Keys: memento/workbench.editors.files.textFileEditor Length: 1477
2023-05-03 08:59:20.150 [error] [storage state.vscdb] prepare(): Error: SQLITE_READONLY_DBMOVED: attempt to write a readonly database (INSERT INTO ItemTable VALUES (?,?)). Details: Keys: memento/workbench.editors.files.textFileEditor Length: 1477
2023-05-03 08:59:38.781 [error] [storage state.vscdb] prepare(): Error: SQLITE_READONLY_DBMOVED: attempt to write a readonly database (INSERT INTO ItemTable VALUES (?,?)). Details: Keys: workbench.editor.languageDetectionOpenedLanguages.workspace Length: 55
2023-05-03 08:59:38.782 [error] [storage state.vscdb] prepare(): Error: SQLITE_READONLY_DBMOVED: attempt to write a readonly database (INSERT INTO ItemTable VALUES (?,?)). Details: Keys: workbench.editor.languageDetectionOpenedLanguages.global Length: 55
2023-05-03 08:59:42.390 [error] [storage state.vscdb] prepare(): Error: SQLITE_READONLY_DBMOVED: attempt to write a readonly database (INSERT INTO ItemTable VALUES (?,?),(?,?),(?,?),(?,?),(?,?)). Details: Keys: memento/workbench.parts.editor, editors.mru, history.entries, workbench.explorer.treeViewState, memento/workbench.editors.files.textFileEditor Length: 3006
2023-05-03 09:00:21.863 [error] [storage state.vscdb] prepare(): Error: SQLITE_READONLY_DBMOVED: attempt to write a readonly database (INSERT INTO ItemTable VALUES (?,?)). Details: Keys: workbench.editor.languageDetectionOpenedLanguages.global Length: 55
2023-05-03 09:00:21.864 [error] [storage state.vscdb] prepare(): Error: SQLITE_READONLY_DBMOVED: attempt to write a readonly database (INSERT INTO ItemTable VALUES (?,?)). Details: Keys: workbench.editor.languageDetectionOpenedLanguages.workspace Length: 55
2023-05-03 09:00:26.237 [error] [storage state.vscdb] prepare(): Error: SQLITE_READONLY_DBMOVED: attempt to write a readonly database (INSERT INTO ItemTable VALUES (?,?)). Details: Keys: workbench.editor.languageDetectionOpenedLanguages.global Length: 55
2023-05-03 09:00:26.238 [error] [storage state.vscdb] prepare(): Error: SQLITE_READONLY_DBMOVED: attempt to write a readonly database (INSERT INTO ItemTable VALUES (?,?)). Details: Keys: workbench.editor.languageDetectionOpenedLanguages.workspace Length: 55
2023-05-03 09:00:42.454 [error] [storage state.vscdb] prepare(): Error: SQLITE_READONLY_DBMOVED: attempt to write a readonly database (INSERT INTO ItemTable VALUES (?,?)). Details: Keys: memento/workbench.editors.files.textFileEditor Length: 1478
2023-05-03 09:00:58.845 [error] [storage state.vscdb] prepare(): Error: SQLITE_READONLY_DBMOVED: attempt to write a readonly database (INSERT INTO ItemTable VALUES (?,?)). Details: Keys: memento/workbench.editors.files.textFileEditor Length: 1465
2023-05-03 09:01:21.052 [error] [storage state.vscdb] prepare(): Error: SQLITE_READONLY_DBMOVED: attempt to write a readonly database (INSERT INTO ItemTable VALUES (?,?),(?,?),(?,?),(?,?)). Details: Keys: memento/workbench.parts.editor, editors.mru, __$__targetStorageMarker, memento/workbench.editors.textResourceEditor Length: 2472
2023-05-03 09:01:33.240 [error] [storage state.vscdb] prepare(): Error: SQLITE_READONLY_DBMOVED: attempt to write a readonly database (INSERT INTO ItemTable VALUES (?,?)). Details: Keys: history.recentlyOpenedPathsList Length: 166
2023-05-03 09:01:42.457 [error] [storage state.vscdb] prepare(): Error: SQLITE_READONLY_DBMOVED: attempt to write a readonly database (INSERT INTO ItemTable VALUES (?,?),(?,?),(?,?),(?,?),(?,?)). Details: Keys: memento/workbench.parts.editor, editors.mru, history.entries, memento/workbench.editors.files.textFileEditor, memento/workbench.editors.textResourceEditor Length: 3676
2023-05-03 09:01:45.586 [error] [storage state.vscdb] prepare(): Error: SQLITE_READONLY_DBMOVED: attempt to write a readonly database (INSERT INTO ItemTable VALUES (?,?)). Details: Keys: workbench.editor.languageDetectionOpenedLanguages.workspace Length: 55
2023-05-03 09:01:45.586 [error] [storage state.vscdb] prepare(): Error: SQLITE_READONLY_DBMOVED: attempt to write a readonly database (INSERT INTO ItemTable VALUES (?,?)). Details: Keys: workbench.editor.languageDetectionOpenedLanguages.global Length: 55
2023-05-03 09:01:57.574 [error] [storage state.vscdb] prepare(): Error: SQLITE_READONLY_DBMOVED: attempt to write a readonly database (INSERT INTO ItemTable VALUES (?,?),(?,?),(?,?),(?,?),(?,?)). Details: Keys: memento/workbench.parts.editor, editors.mru, history.entries, workbench.explorer.treeViewState, memento/workbench.editors.files.textFileEditor Length: 3942
2023-05-03 09:02:09.339 [error] [storage state.vscdb] prepare(): Error: SQLITE_READONLY_DBMOVED: attempt to write a readonly database (INSERT INTO ItemTable VALUES (?,?)). Details: Keys: workbench.editor.languageDetectionOpenedLanguages.global Length: 55
2023-05-03 09:02:09.339 [error] [storage state.vscdb] prepare(): Error: SQLITE_READONLY_DBMOVED: attempt to write a readonly database (INSERT INTO ItemTable VALUES (?,?)). Details: Keys: workbench.editor.languageDetectionOpenedLanguages.workspace Length: 55
2023-05-03 09:02:22.364 [error] [storage state.vscdb] prepare(): Error: SQLITE_READONLY_DBMOVED: attempt to write a readonly database (INSERT INTO ItemTable VALUES (?,?)). Details: Keys: workbench.editor.languageDetectionOpenedLanguages.global Length: 55
2023-05-03 09:02:22.365 [error] [storage state.vscdb] prepare(): Error: SQLITE_READONLY_DBMOVED: attempt to write a readonly database (INSERT INTO ItemTable VALUES (?,?)). Details: Keys: workbench.editor.languageDetectionOpenedLanguages.workspace Length: 55
2023-05-03 09:02:27.481 [error] [storage state.vscdb] prepare(): Error: SQLITE_READONLY_DBMOVED: attempt to write a readonly database (INSERT INTO ItemTable VALUES (?,?)). Details: Keys: workbench.editor.languageDetectionOpenedLanguages.global Length: 55
2023-05-03 09:02:27.482 [error] [storage state.vscdb] prepare(): Error: SQLITE_READONLY_DBMOVED: attempt to write a readonly database (INSERT INTO ItemTable VALUES (?,?)). Details: Keys: workbench.editor.languageDetectionOpenedLanguages.workspace Length: 55
2023-05-03 09:02:33.009 [error] [storage state.vscdb] prepare(): Error: SQLITE_READONLY_DBMOVED: attempt to write a readonly database (INSERT INTO ItemTable VALUES (?,?)). Details: Keys: workbench.editor.languageDetectionOpenedLanguages.workspace Length: 55
2023-05-03 09:02:33.010 [error] [storage state.vscdb] prepare(): Error: SQLITE_READONLY_DBMOVED: attempt to write a readonly database (INSERT INTO ItemTable VALUES (?,?)). Details: Keys: workbench.editor.languageDetectionOpenedLanguages.global Length: 55
2023-05-03 09:02:42.460 [error] [storage state.vscdb] prepare(): Error: SQLITE_READONLY_DBMOVED: attempt to write a readonly database (INSERT INTO ItemTable VALUES (?,?)). Details: Keys: memento/workbench.editors.files.textFileEditor Length: 1973
2023-05-03 09:02:57.023 [error] [storage state.vscdb] prepare(): Error: SQLITE_READONLY_DBMOVED: attempt to write a readonly database (INSERT INTO ItemTable VALUES (?,?)). Details: Keys: memento/workbench.editors.files.textFileEditor Length: 1973
2023-05-03 09:03:11.306 [error] [storage state.vscdb] prepare(): Error: SQLITE_READONLY_DBMOVED: attempt to write a readonly database (INSERT INTO ItemTable VALUES (?,?)). Details: Keys: memento/workbench.editors.files.textFileEditor Length: 1973
2023-05-03 09:03:18.529 [error] [storage state.vscdb] prepare(): Error: SQLITE_READONLY_DBMOVED: attempt to write a readonly database (INSERT INTO ItemTable VALUES (?,?)). Details: Keys: workbench.editor.languageDetectionOpenedLanguages.global Length: 55
2023-05-03 09:03:18.530 [error] [storage state.vscdb] prepare(): Error: SQLITE_READONLY_DBMOVED: attempt to write a readonly database (INSERT INTO ItemTable VALUES (?,?)). Details: Keys: workbench.editor.languageDetectionOpenedLanguages.workspace Length: 55
2023-05-03 09:03:20.059 [error] [storage state.vscdb] prepare(): Error: SQLITE_READONLY_DBMOVED: attempt to write a readonly database (INSERT INTO ItemTable VALUES (?,?)). Details: Keys: workbench.editor.languageDetectionOpenedLanguages.global Length: 55
2023-05-03 09:03:20.059 [error] [storage state.vscdb] prepare(): Error: SQLITE_READONLY_DBMOVED: attempt to write a readonly database (INSERT INTO ItemTable VALUES (?,?)). Details: Keys: workbench.editor.languageDetectionOpenedLanguages.workspace Length: 55
2023-05-03 09:03:22.078 [error] [storage state.vscdb] prepare(): Error: SQLITE_READONLY_DBMOVED: attempt to write a readonly database (INSERT INTO ItemTable VALUES (?,?)). Details: Keys: workbench.editor.languageDetectionOpenedLanguages.global Length: 55
2023-05-03 09:03:22.078 [error] [storage state.vscdb] prepare(): Error: SQLITE_READONLY_DBMOVED: attempt to write a readonly database (INSERT INTO ItemTable VALUES (?,?)). Details: Keys: workbench.editor.languageDetectionOpenedLanguages.workspace Length: 55
2023-05-03 09:03:41.901 [error] [storage state.vscdb] prepare(): Error: SQLITE_READONLY_DBMOVED: attempt to write a readonly database (INSERT INTO ItemTable VALUES (?,?),(?,?),(?,?),(?,?),(?,?)). Details: Keys: memento/workbench.parts.editor, editors.mru, history.entries, workbench.explorer.treeViewState, memento/workbench.editors.files.textFileEditor Length: 3972
2023-05-03 09:03:47.421 [error] [storage state.vscdb] prepare(): Error: SQLITE_READONLY_DBMOVED: attempt to write a readonly database (INSERT INTO ItemTable VALUES (?,?)). Details: Keys: workbench.editor.languageDetectionOpenedLanguages.global Length: 55
2023-05-03 09:03:47.421 [error] [storage state.vscdb] prepare(): Error: SQLITE_READONLY_DBMOVED: attempt to write a readonly database (INSERT INTO ItemTable VALUES (?,?)). Details: Keys: workbench.editor.languageDetectionOpenedLanguages.workspace Length: 55
2023-05-03 09:03:51.720 [error] [storage state.vscdb] prepare(): Error: SQLITE_READONLY_DBMOVED: attempt to write a readonly database (INSERT INTO ItemTable VALUES (?,?)). Details: Keys: workbench.editor.languageDetectionOpenedLanguages.workspace Length: 55
2023-05-03 09:03:51.720 [error] [storage state.vscdb] prepare(): Error: SQLITE_READONLY_DBMOVED: attempt to write a readonly database (INSERT INTO ItemTable VALUES (?,?)). Details: Keys: workbench.editor.languageDetectionOpenedLanguages.global Length: 55
2023-05-03 09:03:55.797 [error] [storage state.vscdb] prepare(): Error: SQLITE_READONLY_DBMOVED: attempt to write a readonly database (INSERT INTO ItemTable VALUES (?,?),(?,?),(?,?),(?,?)). Details: Keys: memento/workbench.parts.editor, editors.mru, history.entries, memento/workbench.editors.files.textFileEditor Length: 3652
2023-05-03 09:04:32.172 [error] [storage state.vscdb] prepare(): Error: SQLITE_READONLY_DBMOVED: attempt to write a readonly database (INSERT INTO ItemTable VALUES (?,?),(?,?),(?,?),(?,?)). Details: Keys: memento/workbench.parts.editor, editors.mru, history.entries, memento/workbench.editors.files.textFileEditor Length: 3662
2023-05-03 09:05:21.178 [error] [storage state.vscdb] prepare(): Error: SQLITE_READONLY_DBMOVED: attempt to write a readonly database (INSERT INTO ItemTable VALUES (?,?)). Details: Keys: memento/workbench.editors.files.textFileEditor Length: 1989
2023-05-03 09:05:42.473 [error] [storage state.vscdb] prepare(): Error: SQLITE_READONLY_DBMOVED: attempt to write a readonly database (INSERT INTO ItemTable VALUES (?,?)). Details: Keys: memento/workbench.editors.files.textFileEditor Length: 1989
2023-05-03 09:06:11.483 [error] [storage state.vscdb] prepare(): Error: SQLITE_READONLY_DBMOVED: attempt to write a readonly database (INSERT INTO ItemTable VALUES (?,?)). Details: Keys: memento/workbench.editors.files.textFileEditor Length: 1989
2023-05-03 09:06:34.007 [error] [storage state.vscdb] prepare(): Error: SQLITE_READONLY_DBMOVED: attempt to write a readonly database (INSERT INTO ItemTable VALUES (?,?)). Details: Keys: memento/workbench.editors.files.textFileEditor Length: 1991
2023-05-03 09:06:42.473 [error] [storage state.vscdb] prepare(): Error: SQLITE_READONLY_DBMOVED: attempt to write a readonly database (INSERT INTO ItemTable VALUES (?,?)). Details: Keys: memento/workbench.editors.files.textFileEditor Length: 1989
2023-05-03 09:06:45.493 [error] [storage state.vscdb] prepare(): Error: SQLITE_READONLY_DBMOVED: attempt to write a readonly database (INSERT INTO ItemTable VALUES (?,?)). Details: Keys: memento/workbench.editors.files.textFileEditor Length: 1989
2023-05-03 09:07:42.491 [error] [storage state.vscdb] prepare(): Error: SQLITE_READONLY_DBMOVED: attempt to write a readonly database (INSERT INTO ItemTable VALUES (?,?)). Details: Keys: memento/workbench.editors.files.textFileEditor Length: 1991
2023-05-03 09:07:44.115 [error] [storage state.vscdb] prepare(): Error: SQLITE_READONLY_DBMOVED: attempt to write a readonly database (INSERT INTO ItemTable VALUES (?,?)). Details: Keys: workbench.editor.languageDetectionOpenedLanguages.global Length: 55
2023-05-03 09:07:44.116 [error] [storage state.vscdb] prepare(): Error: SQLITE_READONLY_DBMOVED: attempt to write a readonly database (INSERT INTO ItemTable VALUES (?,?)). Details: Keys: workbench.editor.languageDetectionOpenedLanguages.workspace Length: 55
2023-05-03 09:07:48.407 [error] [storage state.vscdb] prepare(): Error: SQLITE_READONLY_DBMOVED: attempt to write a readonly database (INSERT INTO ItemTable VALUES (?,?)). Details: Keys: workbench.editor.languageDetectionOpenedLanguages.workspace Length: 55
2023-05-03 09:07:48.408 [error] [storage state.vscdb] prepare(): Error: SQLITE_READONLY_DBMOVED: attempt to write a readonly database (INSERT INTO ItemTable VALUES (?,?)). Details: Keys: workbench.editor.languageDetectionOpenedLanguages.global Length: 55
2023-05-03 09:08:07.892 [error] [storage state.vscdb] prepare(): Error: SQLITE_READONLY_DBMOVED: attempt to write a readonly database (INSERT INTO ItemTable VALUES (?,?),(?,?),(?,?),(?,?)). Details: Keys: memento/workbench.parts.editor, editors.mru, history.entries, memento/workbench.editors.files.textFileEditor Length: 3668
2023-05-03 09:08:17.841 [error] [storage state.vscdb] prepare(): Error: SQLITE_READONLY_DBMOVED: attempt to write a readonly database (INSERT INTO ItemTable VALUES (?,?)). Details: Keys: workbench.editor.languageDetectionOpenedLanguages.workspace Length: 55
2023-05-03 09:08:17.841 [error] [storage state.vscdb] prepare(): Error: SQLITE_READONLY_DBMOVED: attempt to write a readonly database (INSERT INTO ItemTable VALUES (?,?)). Details: Keys: workbench.editor.languageDetectionOpenedLanguages.global Length: 55
2023-05-03 09:08:31.924 [error] [storage state.vscdb] prepare(): Error: SQLITE_READONLY_DBMOVED: attempt to write a readonly database (INSERT INTO ItemTable VALUES (?,?),(?,?),(?,?),(?,?),(?,?)). Details: Keys: memento/workbench.parts.editor, editors.mru, history.entries, workbench.explorer.treeViewState, memento/workbench.editors.files.textFileEditor Length: 3960
2023-05-03 09:08:41.864 [error] [storage state.vscdb] prepare(): Error: SQLITE_READONLY_DBMOVED: attempt to write a readonly database (INSERT INTO ItemTable VALUES (?,?)). Details: Keys: workbench.editor.languageDetectionOpenedLanguages.global Length: 55
2023-05-03 09:08:41.865 [error] [storage state.vscdb] prepare(): Error: SQLITE_READONLY_DBMOVED: attempt to write a readonly database (INSERT INTO ItemTable VALUES (?,?)). Details: Keys: workbench.editor.languageDetectionOpenedLanguages.workspace Length: 55
2023-05-03 09:08:42.518 [error] [storage state.vscdb] prepare(): Error: SQLITE_READONLY_DBMOVED: attempt to write a readonly database (INSERT INTO ItemTable VALUES (?,?),(?,?),(?,?),(?,?),(?,?)). Details: Keys: memento/workbench.parts.editor, editors.mru, history.entries, workbench.explorer.treeViewState, memento/workbench.editors.files.textFileEditor Length: 3988
2023-05-03 09:09:42.520 [error] [storage state.vscdb] prepare(): Error: SQLITE_READONLY_DBMOVED: attempt to write a readonly database (INSERT INTO ItemTable VALUES (?,?),(?,?),(?,?),(?,?),(?,?)). Details: Keys: memento/workbench.parts.editor, editors.mru, history.entries, workbench.explorer.treeViewState, memento/workbench.editors.files.textFileEditor Length: 3975
2023-05-03 09:10:08.714 [error] [storage state.vscdb] prepare(): Error: SQLITE_READONLY_DBMOVED: attempt to write a readonly database (INSERT INTO ItemTable VALUES (?,?),(?,?),(?,?),(?,?),(?,?)). Details: Keys: memento/workbench.parts.editor, editors.mru, history.entries, workbench.explorer.treeViewState, memento/workbench.editors.files.textFileEditor Length: 3985
2023-05-03 09:10:32.486 [error] [storage state.vscdb] prepare(): Error: SQLITE_READONLY_DBMOVED: attempt to write a readonly database (INSERT INTO ItemTable VALUES (?,?)). Details: Keys: memento/workbench.editors.files.textFileEditor Length: 1988
2023-05-03 09:10:42.527 [error] [storage state.vscdb] prepare(): Error: SQLITE_READONLY_DBMOVED: attempt to write a readonly database (INSERT INTO ItemTable VALUES (?,?)). Details: Keys: memento/workbench.editors.files.textFileEditor Length: 1985
2023-05-03 09:10:59.851 [error] [storage state.vscdb] prepare(): Error: SQLITE_READONLY_DBMOVED: attempt to write a readonly database (INSERT INTO ItemTable VALUES (?,?)). Details: Keys: workbench.editor.languageDetectionOpenedLanguages.workspace Length: 55
2023-05-03 09:10:59.851 [error] [storage state.vscdb] prepare(): Error: SQLITE_READONLY_DBMOVED: attempt to write a readonly database (INSERT INTO ItemTable VALUES (?,?)). Details: Keys: workbench.editor.languageDetectionOpenedLanguages.global Length: 55
2023-05-03 09:11:26.869 [error] [storage state.vscdb] prepare(): Error: SQLITE_READONLY_DBMOVED: attempt to write a readonly database (INSERT INTO ItemTable VALUES (?,?),(?,?),(?,?),(?,?),(?,?)). Details: Keys: memento/workbench.parts.editor, editors.mru, history.entries, workbench.explorer.treeViewState, memento/workbench.editors.files.textFileEditor Length: 3955
2023-05-03 09:11:42.544 [error] [storage state.vscdb] prepare(): Error: SQLITE_READONLY_DBMOVED: attempt to write a readonly database (INSERT INTO ItemTable VALUES (?,?)). Details: Keys: memento/workbench.editors.files.textFileEditor Length: 1986
2023-05-03 09:12:12.267 [error] [storage state.vscdb] prepare(): Error: SQLITE_READONLY_DBMOVED: attempt to write a readonly database (INSERT INTO ItemTable VALUES (?,?)). Details: Keys: workbench.editor.languageDetectionOpenedLanguages.global Length: 55
2023-05-03 09:12:12.268 [error] [storage state.vscdb] prepare(): Error: SQLITE_READONLY_DBMOVED: attempt to write a readonly database (INSERT INTO ItemTable VALUES (?,?)). Details: Keys: workbench.editor.languageDetectionOpenedLanguages.workspace Length: 55
2023-05-03 09:12:42.569 [error] [storage state.vscdb] prepare(): Error: SQLITE_READONLY_DBMOVED: attempt to write a readonly database (INSERT INTO ItemTable VALUES (?,?),(?,?),(?,?),(?,?),(?,?)). Details: Keys: memento/workbench.parts.editor, editors.mru, history.entries, workbench.explorer.treeViewState, memento/workbench.editors.files.textFileEditor Length: 3977
2023-05-03 09:13:22.274 [error] [storage state.vscdb] prepare(): Error: SQLITE_READONLY_DBMOVED: attempt to write a readonly database (INSERT INTO ItemTable VALUES (?,?)). Details: Keys: workbench.editor.languageDetectionOpenedLanguages.global Length: 55
2023-05-03 09:13:22.276 [error] [storage state.vscdb] prepare(): Error: SQLITE_READONLY_DBMOVED: attempt to write a readonly database (INSERT INTO ItemTable VALUES (?,?)). Details: Keys: workbench.editor.languageDetectionOpenedLanguages.workspace Length: 55
2023-05-03 09:13:23.597 [error] [storage state.vscdb] prepare(): Error: SQLITE_READONLY_DBMOVED: attempt to write a readonly database (INSERT INTO ItemTable VALUES (?,?)). Details: Keys: workbench.editor.languageDetectionOpenedLanguages.workspace Length: 55
2023-05-03 09:13:23.598 [error] [storage state.vscdb] prepare(): Error: SQLITE_READONLY_DBMOVED: attempt to write a readonly database (INSERT INTO ItemTable VALUES (?,?)). Details: Keys: workbench.editor.languageDetectionOpenedLanguages.global Length: 55
2023-05-03 09:13:34.588 [error] [storage state.vscdb] prepare(): Error: SQLITE_READONLY_DBMOVED: attempt to write a readonly database (INSERT INTO ItemTable VALUES (?,?),(?,?),(?,?),(?,?),(?,?)). Details: Keys: memento/workbench.parts.editor, editors.mru, history.entries, workbench.explorer.treeViewState, memento/workbench.editors.files.textFileEditor Length: 3984
2023-05-03 09:14:03.999 [error] [storage state.vscdb] prepare(): Error: SQLITE_READONLY_DBMOVED: attempt to write a readonly database (INSERT INTO ItemTable VALUES (?,?)). Details: Keys: workbench.editor.languageDetectionOpenedLanguages.global Length: 55
2023-05-03 09:14:04.000 [error] [storage state.vscdb] prepare(): Error: SQLITE_READONLY_DBMOVED: attempt to write a readonly database (INSERT INTO ItemTable VALUES (?,?)). Details: Keys: workbench.editor.languageDetectionOpenedLanguages.workspace Length: 55
2023-05-03 09:14:18.208 [error] [storage state.vscdb] prepare(): Error: SQLITE_READONLY_DBMOVED: attempt to write a readonly database (INSERT INTO ItemTable VALUES (?,?),(?,?)). Details: Keys: __$__targetStorageMarker, ces/skipSurvey Length: 973
2023-05-03 09:14:29.316 [error] [storage state.vscdb] prepare(): Error: SQLITE_READONLY_DBMOVED: attempt to write a readonly database (INSERT INTO ItemTable VALUES (?,?),(?,?),(?,?),(?,?),(?,?)). Details: Keys: memento/workbench.parts.editor, editors.mru, history.entries, workbench.explorer.treeViewState, memento/workbench.editors.files.textFileEditor Length: 3955
2023-05-03 09:14:48.351 [info] update#setState checking for updates
2023-05-03 09:15:08.378 [error] Error: net::ERR_NAME_NOT_RESOLVED
    at SimpleURLLoaderWrapper.<anonymous> (node:electron/js2c/browser_init:105:7047)
    at SimpleURLLoaderWrapper.emit (node:events:526:28)
2023-05-03 09:15:08.381 [info] update#setState idle
2023-05-03 09:16:28.537 [error] [storage state.vscdb] prepare(): Error: SQLITE_READONLY_DBMOVED: attempt to write a readonly database (INSERT INTO ItemTable VALUES (?,?)). Details: Keys: memento/workbench.editors.files.textFileEditor Length: 1984
2023-05-03 09:16:40.231 [error] [storage state.vscdb] prepare(): Error: SQLITE_READONLY_DBMOVED: attempt to write a readonly database (INSERT INTO ItemTable VALUES (?,?)). Details: Keys: memento/workbench.editors.files.textFileEditor Length: 1984
2023-05-03 09:16:55.388 [error] [storage state.vscdb] prepare(): Error: SQLITE_READONLY_DBMOVED: attempt to write a readonly database (INSERT INTO ItemTable VALUES (?,?)). Details: Keys: workbench.editor.languageDetectionOpenedLanguages.global Length: 55
2023-05-03 09:16:55.395 [error] [storage state.vscdb] prepare(): Error: SQLITE_READONLY_DBMOVED: attempt to write a readonly database (INSERT INTO ItemTable VALUES (?,?)). Details: Keys: workbench.editor.languageDetectionOpenedLanguages.workspace Length: 55
2023-05-03 09:17:21.737 [error] [storage state.vscdb] prepare(): Error: SQLITE_READONLY_DBMOVED: attempt to write a readonly database (INSERT INTO ItemTable VALUES (?,?)). Details: Keys: workbench.editor.languageDetectionOpenedLanguages.global Length: 55
2023-05-03 09:17:21.738 [error] [storage state.vscdb] prepare(): Error: SQLITE_READONLY_DBMOVED: attempt to write a readonly database (INSERT INTO ItemTable VALUES (?,?)). Details: Keys: workbench.editor.languageDetectionOpenedLanguages.workspace Length: 55
2023-05-03 09:17:28.280 [error] [storage state.vscdb] prepare(): Error: SQLITE_READONLY_DBMOVED: attempt to write a readonly database (INSERT INTO ItemTable VALUES (?,?)). Details: Keys: memento/workbench.editors.files.textFileEditor Length: 1980
2023-05-03 09:17:42.583 [error] [storage state.vscdb] prepare(): Error: SQLITE_READONLY_DBMOVED: attempt to write a readonly database (INSERT INTO ItemTable VALUES (?,?)). Details: Keys: memento/workbench.editors.files.textFileEditor Length: 1979
2023-05-03 09:18:02.433 [error] [storage state.vscdb] prepare(): Error: SQLITE_READONLY_DBMOVED: attempt to write a readonly database (INSERT INTO ItemTable VALUES (?,?)). Details: Keys: workbench.editor.languageDetectionOpenedLanguages.workspace Length: 55
2023-05-03 09:18:02.434 [error] [storage state.vscdb] prepare(): Error: SQLITE_READONLY_DBMOVED: attempt to write a readonly database (INSERT INTO ItemTable VALUES (?,?)). Details: Keys: workbench.editor.languageDetectionOpenedLanguages.global Length: 55
2023-05-03 09:18:16.888 [error] [storage state.vscdb] prepare(): Error: SQLITE_READONLY_DBMOVED: attempt to write a readonly database (INSERT INTO ItemTable VALUES (?,?)). Details: Keys: workbench.editor.languageDetectionOpenedLanguages.global Length: 55
2023-05-03 09:18:16.889 [error] [storage state.vscdb] prepare(): Error: SQLITE_READONLY_DBMOVED: attempt to write a readonly database (INSERT INTO ItemTable VALUES (?,?)). Details: Keys: workbench.editor.languageDetectionOpenedLanguages.workspace Length: 55
2023-05-03 09:18:23.567 [error] [storage state.vscdb] prepare(): Error: SQLITE_READONLY_DBMOVED: attempt to write a readonly database (INSERT INTO ItemTable VALUES (?,?),(?,?),(?,?),(?,?)). Details: Keys: memento/workbench.parts.editor, editors.mru, history.entries, memento/workbench.editors.files.textFileEditor Length: 3663
2023-05-03 09:18:33.079 [error] [storage state.vscdb] prepare(): Error: SQLITE_READONLY_DBMOVED: attempt to write a readonly database (INSERT INTO ItemTable VALUES (?,?)). Details: Keys: workbench.editor.languageDetectionOpenedLanguages.workspace Length: 55
2023-05-03 09:18:33.080 [error] [storage state.vscdb] prepare(): Error: SQLITE_READONLY_DBMOVED: attempt to write a readonly database (INSERT INTO ItemTable VALUES (?,?)). Details: Keys: workbench.editor.languageDetectionOpenedLanguages.global Length: 55
2023-05-03 09:18:42.606 [error] [storage state.vscdb] prepare(): Error: SQLITE_READONLY_DBMOVED: attempt to write a readonly database (INSERT INTO ItemTable VALUES (?,?),(?,?),(?,?),(?,?),(?,?)). Details: Keys: memento/workbench.parts.editor, editors.mru, history.entries, workbench.explorer.treeViewState, memento/workbench.editors.files.textFileEditor Length: 3975
2023-05-03 09:18:52.490 [error] [storage state.vscdb] prepare(): Error: SQLITE_READONLY_DBMOVED: attempt to write a readonly database (INSERT INTO ItemTable VALUES (?,?)). Details: Keys: workbench.editor.languageDetectionOpenedLanguages.workspace Length: 55
2023-05-03 09:18:52.491 [error] [storage state.vscdb] prepare(): Error: SQLITE_READONLY_DBMOVED: attempt to write a readonly database (INSERT INTO ItemTable VALUES (?,?)). Details: Keys: workbench.editor.languageDetectionOpenedLanguages.global Length: 55
2023-05-03 09:18:59.166 [error] [storage state.vscdb] prepare(): Error: SQLITE_READONLY_DBMOVED: attempt to write a readonly database (INSERT INTO ItemTable VALUES (?,?),(?,?),(?,?),(?,?),(?,?)). Details: Keys: memento/workbench.parts.editor, editors.mru, history.entries, workbench.explorer.treeViewState, memento/workbench.editors.files.textFileEditor Length: 3955
2023-05-03 09:19:27.551 [error] [storage state.vscdb] prepare(): Error: SQLITE_READONLY_DBMOVED: attempt to write a readonly database (INSERT INTO ItemTable VALUES (?,?)). Details: Keys: workbench.editor.languageDetectionOpenedLanguages.global Length: 55
2023-05-03 09:19:27.552 [error] [storage state.vscdb] prepare(): Error: SQLITE_READONLY_DBMOVED: attempt to write a readonly database (INSERT INTO ItemTable VALUES (?,?)). Details: Keys: workbench.editor.languageDetectionOpenedLanguages.workspace Length: 55
2023-05-03 09:19:37.003 [error] [storage state.vscdb] prepare(): Error: SQLITE_READONLY_DBMOVED: attempt to write a readonly database (INSERT INTO ItemTable VALUES (?,?),(?,?),(?,?),(?,?),(?,?)). Details: Keys: memento/workbench.parts.editor, editors.mru, history.entries, workbench.explorer.treeViewState, memento/workbench.editors.files.textFileEditor Length: 3975
2023-05-03 09:20:37.049 [error] [storage state.vscdb] prepare(): Error: SQLITE_READONLY_DBMOVED: attempt to write a readonly database (INSERT INTO ItemTable VALUES (?,?)). Details: Keys: memento/workbench.editors.files.textFileEditor Length: 1986
2023-05-03 09:20:48.060 [error] [storage state.vscdb] prepare(): Error: SQLITE_READONLY_DBMOVED: attempt to write a readonly database (INSERT INTO ItemTable VALUES (?,?)). Details: Keys: workbench.editor.languageDetectionOpenedLanguages.global Length: 55
2023-05-03 09:20:48.060 [error] [storage state.vscdb] prepare(): Error: SQLITE_READONLY_DBMOVED: attempt to write a readonly database (INSERT INTO ItemTable VALUES (?,?)). Details: Keys: workbench.editor.languageDetectionOpenedLanguages.workspace Length: 55
2023-05-03 09:21:42.614 [error] [storage state.vscdb] prepare(): Error: SQLITE_READONLY_DBMOVED: attempt to write a readonly database (INSERT INTO ItemTable VALUES (?,?),(?,?),(?,?),(?,?),(?,?)). Details: Keys: memento/workbench.parts.editor, editors.mru, history.entries, workbench.explorer.treeViewState, memento/workbench.editors.files.textFileEditor Length: 3956
2023-05-03 09:21:48.188 [error] [storage state.vscdb] prepare(): Error: SQLITE_READONLY_DBMOVED: attempt to write a readonly database (INSERT INTO ItemTable VALUES (?,?)). Details: Keys: memento/workbench.editors.files.textFileEditor Length: 1987
2023-05-03 09:22:42.618 [error] [storage state.vscdb] prepare(): Error: SQLITE_READONLY_DBMOVED: attempt to write a readonly database (INSERT INTO ItemTable VALUES (?,?)). Details: Keys: memento/workbench.editors.files.textFileEditor Length: 1986
2023-05-03 09:23:07.721 [error] [storage state.vscdb] prepare(): Error: SQLITE_READONLY_DBMOVED: attempt to write a readonly database (INSERT INTO ItemTable VALUES (?,?)). Details: Keys: memento/workbench.editors.files.textFileEditor Length: 1986
2023-05-03 09:23:19.398 [error] [storage state.vscdb] prepare(): Error: SQLITE_READONLY_DBMOVED: attempt to write a readonly database (INSERT INTO ItemTable VALUES (?,?)). Details: Keys: workbench.editor.languageDetectionOpenedLanguages.global Length: 55
2023-05-03 09:23:19.398 [error] [storage state.vscdb] prepare(): Error: SQLITE_READONLY_DBMOVED: attempt to write a readonly database (INSERT INTO ItemTable VALUES (?,?)). Details: Keys: workbench.editor.languageDetectionOpenedLanguages.workspace Length: 55
2023-05-03 09:23:35.285 [error] [storage state.vscdb] prepare(): Error: SQLITE_READONLY_DBMOVED: attempt to write a readonly database (INSERT INTO ItemTable VALUES (?,?)). Details: Keys: workbench.editor.languageDetectionOpenedLanguages.workspace Length: 55
2023-05-03 09:23:35.287 [error] [storage state.vscdb] prepare(): Error: SQLITE_READONLY_DBMOVED: attempt to write a readonly database (INSERT INTO ItemTable VALUES (?,?)). Details: Keys: workbench.editor.languageDetectionOpenedLanguages.global Length: 55
2023-05-03 09:23:42.619 [error] [storage state.vscdb] prepare(): Error: SQLITE_READONLY_DBMOVED: attempt to write a readonly database (INSERT INTO ItemTable VALUES (?,?)). Details: Keys: memento/workbench.editors.files.textFileEditor Length: 1985
2023-05-03 09:24:24.818 [error] [storage state.vscdb] prepare(): Error: SQLITE_READONLY_DBMOVED: attempt to write a readonly database (INSERT INTO ItemTable VALUES (?,?)). Details: Keys: memento/workbench.editors.files.textFileEditor Length: 1986
2023-05-03 09:24:42.623 [error] [storage state.vscdb] prepare(): Error: SQLITE_READONLY_DBMOVED: attempt to write a readonly database (INSERT INTO ItemTable VALUES (?,?)). Details: Keys: memento/workbench.editors.files.textFileEditor Length: 1986
2023-05-03 09:25:08.476 [error] [storage state.vscdb] prepare(): Error: SQLITE_READONLY_DBMOVED: attempt to write a readonly database (INSERT INTO ItemTable VALUES (?,?)). Details: Keys: memento/workbench.editors.files.textFileEditor Length: 1987
2023-05-03 09:25:42.628 [error] [storage state.vscdb] prepare(): Error: SQLITE_READONLY_DBMOVED: attempt to write a readonly database (INSERT INTO ItemTable VALUES (?,?)). Details: Keys: memento/workbench.editors.files.textFileEditor Length: 1986
2023-05-03 09:25:58.204 [error] [storage state.vscdb] prepare(): Error: SQLITE_READONLY_DBMOVED: attempt to write a readonly database (INSERT INTO ItemTable VALUES (?,?)). Details: Keys: memento/workbench.editors.files.textFileEditor Length: 1987
2023-05-03 09:26:42.630 [error] [storage state.vscdb] prepare(): Error: SQLITE_READONLY_DBMOVED: attempt to write a readonly database (INSERT INTO ItemTable VALUES (?,?)). Details: Keys: memento/workbench.editors.files.textFileEditor Length: 1986
2023-05-03 09:27:42.638 [error] [storage state.vscdb] prepare(): Error: SQLITE_READONLY_DBMOVED: attempt to write a readonly database (INSERT INTO ItemTable VALUES (?,?)). Details: Keys: memento/workbench.editors.files.textFileEditor Length: 1987
2023-05-03 09:28:11.241 [error] [storage state.vscdb] prepare(): Error: SQLITE_READONLY_DBMOVED: attempt to write a readonly database (INSERT INTO ItemTable VALUES (?,?),(?,?),(?,?)). Details: Keys: __$__targetStorageMarker, workbench.sidebar.activeviewletid, workbench.view.search.state Length: 1065
2023-05-03 09:28:35.534 [info] [UtilityProcess id: 1, type: extensionHost, pid: 2360]: waiting to exit...
2023-05-03 09:28:35.534 [info] [UtilityProcess id: 1, type: fileWatcher, pid: 2328]: attempting to kill the process...
2023-05-03 09:28:35.540 [info] [UtilityProcess id: 1, type: fileWatcher, pid: 2328]: successfully killed the process
2023-05-03 09:28:35.551 [error] [storage state.vscdb] prepare(): Error: SQLITE_READONLY_DBMOVED: attempt to write a readonly database (INSERT INTO ItemTable VALUES (?,?),(?,?),(?,?),(?,?),(?,?),(?,?),(?,?),(?,?),(?,?)). Details: Keys: __$__targetStorageMarker, editorFontInfo, workbench.grid.size, workbench.sideBar.size, workbench.auxiliaryBar.size, workbench.panel.size, workbench.panel.lastNonMaximizedHeight, workbench.panel.lastNonMaximizedWidth, workbench.panel.alignment Length: 1744
2023-05-03 09:28:35.552 [error] [storage state.vscdb] prepare(): Error: SQLITE_READONLY_DBMOVED: attempt to write a readonly database (INSERT INTO ItemTable VALUES (?,?),(?,?),(?,?),(?,?),(?,?),(?,?),(?,?),(?,?),(?,?),(?,?),(?,?),(?,?),(?,?),(?,?),(?,?),(?,?),(?,?),(?,?)). Details: Keys: __$__targetStorageMarker, lifecyle.lastShutdownReason, workbench.editor.centered, workbench.zenMode.active, workbench.zenMode.exitInfo, workbench.panel.wasLastMaximized, workbench.sideBar.position, workbench.panel.position, workbench.activityBar.hidden, workbench.sideBar.hidden, workbench.editor.hidden, workbench.panel.hidden, workbench.auxiliaryBar.hidden, workbench.statusBar.hidden, memento/workbench.editors.files.textFileEditor, codelens/cache2, workbench.search.history, memento/workbench.view.search Length: 4600
2023-05-03 09:28:48.422 [info] [UtilityProcess id: 1, type: fileWatcher, pid: 2328]: received exit event with code 0
2023-05-03 09:28:48.424 [info] [UtilityProcess id: 1, type: extensionHost, pid: 2360]: received exit event with code 0
2023-05-03 09:28:48.424 [info] Extension host with pid 2360 exited with code: 0, signal: unknown.
2023-05-03 09:28:48.424 [error] Error: ENOENT: no such file or directory, unlink '/var/www/central/root/User/globalStorage/state.vscdb'
