2023-05-03 08:14:22.229 [info] Extension host with pid 2360 started
2023-05-03 08:14:22.229 [info] Skipping acquiring lock for /var/www/central/root/User/workspaceStorage/8856a681995aa239fa250ef9acdf42b7.
2023-05-03 08:14:22.588 [info] ExtensionService#_doActivateExtension vscode.git-base, startup: true, activationEvent: '*'
2023-05-03 08:14:22.606 [info] ExtensionService#_doActivateExtension vscode.github-authentication, startup: false, activationEvent: 'onAuthenticationRequest:github'
2023-05-03 08:14:22.798 [info] ExtensionService#_doActivateExtension vscode.github, startup: true, activationEvent: '*'
2023-05-03 08:14:22.994 [info] Eager extensions activated
2023-05-03 08:14:23.015 [info] ExtensionService#_doActivateExtension vscode.debug-auto-launch, startup: false, activationEvent: 'onStartupFinished'
2023-05-03 08:14:23.020 [info] ExtensionService#_doActivateExtension vscode.merge-conflict, startup: false, activationEvent: 'onStartupFinished'
2023-05-03 08:14:23.090 [info] ExtensionService#_doActivateExtension vscode.microsoft-authentication, startup: false, activationEvent: 'onAuthenticationRequest:microsoft'
2023-05-03 08:14:24.848 [info] ExtensionService#_doActivateExtension vscode.git, startup: false, activationEvent: 'api', root cause: vscode.github
2023-05-03 08:14:25.011 [info] ExtensionService#_doActivateExtension DanielSanMedium.dscodegpt, startup: false, activationEvent: '*'
2023-05-03 08:14:27.002 [info] ExtensionService#_doActivateExtension vscode.html-language-features, startup: false, activationEvent: 'onLanguage:html'
2023-05-03 08:14:27.134 [info] ExtensionService#_doActivateExtension vscode.emmet, startup: false, activationEvent: 'onLanguage'
2023-05-03 08:16:00.908 [info] ExtensionService#_doActivateExtension vscode.php-language-features, startup: false, activationEvent: 'onLanguage:php'
2023-05-03 08:45:49.796 [info] ExtensionService#_doActivateExtension vscode.configuration-editing, startup: false, activationEvent: 'onLanguage:json'
2023-05-03 08:45:49.817 [info] ExtensionService#_doActivateExtension vscode.extension-editing, startup: false, activationEvent: 'onLanguage:json'
2023-05-03 08:45:49.843 [info] ExtensionService#_doActivateExtension vscode.json-language-features, startup: false, activationEvent: 'onLanguage:json'
2023-05-03 08:45:49.944 [info] ExtensionService#_doActivateExtension vscode.npm, startup: false, activationEvent: 'onLanguage:json'
2023-05-03 08:45:50.546 [info] ExtensionService#_doActivateExtension vscode.css-language-features, startup: false, activationEvent: 'onLanguage:css'
2023-05-03 09:28:35.506 [info] Extension host terminating: renderer closed the MessagePort
2023-05-03 09:28:35.562 [info] Extension host with pid 2360 exiting with code 0
