2023-05-20 09:30:36.934 [info] [SharedProcess] using utility process
2023-05-20 09:30:37.079 [info] update#setState idle
2023-05-20 09:30:38.623 [info] [UtilityProcess type: shared-process, pid: <none>]: creating new...
2023-05-20 09:30:38.633 [info] [UtilityProcess id: 1, type: fileWatcher, pid: <none>]: creating new...
2023-05-20 09:30:38.642 [info] [UtilityProcess id: 1, type: extensionHost, pid: <none>]: creating new...
2023-05-20 09:30:38.675 [info] [UtilityProcess type: shared-process, pid: 5755]: successfully created
2023-05-20 09:30:38.677 [info] [UtilityProcess id: 1, type: fileWatcher, pid: 5756]: successfully created
2023-05-20 09:30:38.678 [info] [UtilityProcess id: 1, type: extensionHost, pid: 5757]: successfully created
2023-05-20 09:30:50.022 [error] update#isLatestVersion(): failed to check for updates
2023-05-20 09:30:50.022 [error] Error: net::ERR_NAME_NOT_RESOLVED
    at SimpleURLLoaderWrapper.<anonymous> (node:electron/js2c/browser_init:105:7047)
    at SimpleURLLoaderWrapper.emit (node:events:526:28)
2023-05-20 09:31:07.081 [info] update#setState checking for updates
2023-05-20 09:31:17.103 [error] Error: net::ERR_NAME_NOT_RESOLVED
    at SimpleURLLoaderWrapper.<anonymous> (node:electron/js2c/browser_init:105:7047)
    at SimpleURLLoaderWrapper.emit (node:events:526:28)
2023-05-20 09:31:17.105 [info] update#setState idle
2023-05-20 10:31:07.186 [info] update#setState checking for updates
2023-05-20 10:31:13.739 [info] update#setState available for download
2023-05-20 15:21:09.874 [info] [UtilityProcess id: 1, type: extensionHost, pid: 5757]: received exit event with code 0
2023-05-20 15:21:09.876 [info] Extension host with pid 5757 exited with code: 0, signal: unknown.
2023-05-20 15:21:09.896 [info] [UtilityProcess id: 1, type: fileWatcher, pid: 5756]: attempting to kill the process...
2023-05-20 15:21:09.898 [info] [UtilityProcess id: 1, type: fileWatcher, pid: 5756]: successfully killed the process
2023-05-20 15:21:09.910 [info] [UtilityProcess id: 1, type: fileWatcher, pid: 5756]: received exit event with code 0
2023-05-20 15:21:09.912 [error] [UtilityProcess id: 1, type: fileWatcher, pid: 5756]: crashed with code 15 and reason 'killed'
